<?xml version="1.0" encoding="UTF-8"?>
<!-- Generated by org.testng.reporters.JUnitXMLReporter -->
<testsuite hostname="CDC2-L-025418W" ignored="0" name="Login Test Cases" tests="4" failures="0" timestamp="02 Jan 2021 14:10:37 GMT" time="68.177" errors="0">
  <testcase name="LoginWithBothCorrect" time="29.014" classname="LoginTestCases.BothCorrect"/>
  <testcase name="LoginWithBothIncorrect" time="13.843" classname="LoginTestCases.BothIncorrect"/>
  <testcase name="LoginWithCorrectPassword" time="13.241" classname="LoginTestCases.CorrectPassword"/>
  <testcase name="LoginWithCorrectUserName" time="12.01" classname="LoginTestCases.CorrectUserName"/>
</testsuite> <!-- Login Test Cases -->
